<?xml version="1.0" encoding="UTF-8"?>
<!-- Generated by org.testng.reporters.JUnitXMLReporter -->
<testsuite hostname="DESKTOP-19CSE9T" ignored="0" name="RestAPI" tests="9" failures="0" timestamp="2019-12-19T00:45:42 IST" time="9.492" errors="0">
  <testcase name="getdataGoogleAPIResultValues" time="6.335" classname="Suite1.Basics5_getAdvancedTest"/>
  <testcase name="postdataAddBookExternalJsonFile" time="0.467" classname="Suite1.Basics8_AddBookExternalJsonFileTest"/>
  <testcase name="postdataAddAndDeleteBook" time="0.308" classname="Suite1.Basics7_AddAndDeleteTest"/>
  <testcase name="postdataAddAndDeleteBook" time="0.252" classname="Suite1.Basics7_AddAndDeleteTest"/>
  <testcase name="postdataAddAndDeleteBook" time="0.252" classname="Suite1.Basics7_AddAndDeleteTest"/>
  <testcase name="postdeltedataGoogleAPI" time="0.348" classname="Suite1.Basics3_GMapPostDeleteTest"/>
  <testcase name="postdataGoogleAPIXML" time="0.188" classname="Suite1.Basics4_GMapPostXMLTest"/>
  <testcase name="postdataGoogleAPI" time="0.34" classname="Suite1.Basics1_GMapPostTest"/>
  <testcase name="getDataGoogleAPI" time="0.87" classname="Suite1.Basics_GMapGetTest"/>
</testsuite> <!-- RestAPI -->
