<?xml version="1.0" encoding="UTF-8"?>
<testsuite xmlns:xsi="http://www.w3.org/2001/XMLSchema-instance" xsi:noNamespaceSchemaLocation="https://maven.apache.org/surefire/maven-surefire-plugin/xsd/surefire-test-report-3.0.xsd" version="3.0" name="TestSuite" time="12.213" tests="9" errors="0" skipped="0" failures="0">
  <properties>
[...]
</properties>
  <testcase name="getdataGoogleAPIResultValues" classname="Suite1.Basics5_getAdvancedTest" time="9.959"/>
  <testcase name="postdataAddBookExternalJsonFile" classname="Suite1.Basics8_AddBookExternalJsonFileTest" time="0"/>
  <testcase name="postdataAddAndDeleteBook" classname="Suite1.Basics7_AddAndDeleteTest" time="0"/>
  <testcase name="postdataAddAndDeleteBook" classname="Suite1.Basics7_AddAndDeleteTest" time="0"/>
  <testcase name="postdataAddAndDeleteBook" classname="Suite1.Basics7_AddAndDeleteTest" time="0"/>
  <testcase name="postdeltedataGoogleAPI" classname="Suite1.Basics3_GMapPostDeleteTest" time="0.008"/>
  <testcase name="postdataGoogleAPIXML" classname="Suite1.Basics4_GMapPostXMLTest" time="0"/>
  <testcase name="postdataGoogleAPI" classname="Suite1.Basics1_GMapPostTest" time="0"/>
  <testcase name="getDataGoogleAPI" classname="Suite1.Basics_GMapGetTest" time="0"/>
</testsuite>