<?xml version="1.0" encoding="UTF-8"?>
<testng-results ignored="0" total="1" passed="0" failed="1" skipped="0">
  <reporter-output>
  </reporter-output>
  <suite started-at="2019-12-20T01:31:03 IST" name="Default suite" finished-at="2019-12-20T01:31:06 IST" duration-ms="2040">
    <groups>
    </groups>
    <test started-at="2019-12-20T01:31:03 IST" name="Default test" finished-at="2019-12-20T01:31:06 IST" duration-ms="2040">
      <class name="Suite1.AddBook_DynamicPayloadXML">
        <test-method is-config="true" signature="getData()[pri:0, instance:Suite1.AddBook_DynamicPayloadXML@3f9342d4]" started-at="2019-12-20T01:31:03 IST" name="getData" finished-at="2019-12-20T01:31:04 IST" duration-ms="28" status="PASS">
          <reporter-output>
          </reporter-output>
        </test-method> <!-- getData -->
        <test-method signature="postdataAddAndDeleteBook()[pri:0, instance:Suite1.AddBook_DynamicPayloadXML@3f9342d4]" started-at="2019-12-20T01:31:04 IST" name="postdataAddAndDeleteBook" finished-at="2019-12-20T01:31:05 IST" duration-ms="1956" status="FAIL">
          <exception class="javax.xml.bind.MarshalException">
            <full-stacktrace>
              <![CDATA[javax.xml.bind.MarshalException
 - with linked exception:
[com.sun.istack.SAXException2: unable to marshal type "POJOLibraryAPi.AddBook" as an element because it is missing an @XmlRootElement annotation]
at com.sun.xml.bind.v2.runtime.MarshallerImpl.write(MarshallerImpl.java:331)
at com.sun.xml.bind.v2.runtime.MarshallerImpl.marshal(MarshallerImpl.java:256)
at javax.xml.bind.helpers.AbstractMarshallerImpl.marshal(AbstractMarshallerImpl.java:131)
at javax.xml.bind.Marshaller$marshal$0.call(Unknown Source)
at org.codehaus.groovy.runtime.callsite.CallSiteArray.defaultCall(CallSiteArray.java:47)
at org.codehaus.groovy.runtime.callsite.AbstractCallSite.call(AbstractCallSite.java:115)
at org.codehaus.groovy.runtime.callsite.AbstractCallSite.call(AbstractCallSite.java:135)
at io.restassured.internal.mapping.JaxbMapper.serialize(JaxbMapper.groovy:52)
at io.restassured.mapper.ObjectMapper$serialize.call(Unknown Source)
at org.codehaus.groovy.runtime.callsite.CallSiteArray.defaultCall(CallSiteArray.java:47)
at org.codehaus.groovy.runtime.callsite.AbstractCallSite.call(AbstractCallSite.java:115)
at org.codehaus.groovy.runtime.callsite.AbstractCallSite.call(AbstractCallSite.java:127)
at io.restassured.internal.mapping.ObjectMapping.serializeWithJaxb(ObjectMapping.groovy:201)
at java.base/jdk.internal.reflect.NativeMethodAccessorImpl.invoke0(Native Method)
at java.base/jdk.internal.reflect.NativeMethodAccessorImpl.invoke(NativeMethodAccessorImpl.java:62)
at java.base/jdk.internal.reflect.DelegatingMethodAccessorImpl.invoke(DelegatingMethodAccessorImpl.java:43)
at java.base/java.lang.reflect.Method.invoke(Method.java:567)
at org.codehaus.groovy.reflection.CachedMethod.invoke(CachedMethod.java:101)
at org.codehaus.groovy.runtime.callsite.StaticMetaMethodSite$StaticMetaMethodSiteNoUnwrapNoCoerce.invoke(StaticMetaMethodSite.java:149)
at org.codehaus.groovy.runtime.callsite.StaticMetaMethodSite.callStatic(StaticMetaMethodSite.java:100)
at org.codehaus.groovy.runtime.callsite.CallSiteArray.defaultCallStatic(CallSiteArray.java:55)
at org.codehaus.groovy.runtime.callsite.AbstractCallSite.callStatic(AbstractCallSite.java:196)
at org.codehaus.groovy.runtime.callsite.AbstractCallSite.callStatic(AbstractCallSite.java:216)
at io.restassured.internal.mapping.ObjectMapping.serializeWithObjectMapper(ObjectMapping.groovy:178)
at java.base/jdk.internal.reflect.NativeMethodAccessorImpl.invoke0(Native Method)
at java.base/jdk.internal.reflect.NativeMethodAccessorImpl.invoke(NativeMethodAccessorImpl.java:62)
at java.base/jdk.internal.reflect.DelegatingMethodAccessorImpl.invoke(DelegatingMethodAccessorImpl.java:43)
at java.base/java.lang.reflect.Method.invoke(Method.java:567)
at org.codehaus.groovy.reflection.CachedMethod.invoke(CachedMethod.java:101)
at org.codehaus.groovy.runtime.callsite.StaticMetaMethodSite$StaticMetaMethodSiteNoUnwrapNoCoerce.invoke(StaticMetaMethodSite.java:149)
at org.codehaus.groovy.runtime.callsite.StaticMetaMethodSite.callStatic(StaticMetaMethodSite.java:100)
at org.codehaus.groovy.runtime.callsite.CallSiteArray.defaultCallStatic(CallSiteArray.java:55)
at org.codehaus.groovy.runtime.callsite.AbstractCallSite.callStatic(AbstractCallSite.java:196)
at org.codehaus.groovy.runtime.callsite.AbstractCallSite.callStatic(AbstractCallSite.java:224)
at io.restassured.internal.mapping.ObjectMapping.serialize(ObjectMapping.groovy:121)
at io.restassured.internal.mapping.ObjectMapping$serialize.call(Unknown Source)
at org.codehaus.groovy.runtime.callsite.CallSiteArray.defaultCall(CallSiteArray.java:47)
at org.codehaus.groovy.runtime.callsite.AbstractCallSite.call(AbstractCallSite.java:115)
at io.restassured.internal.RequestSpecificationImpl.body(RequestSpecificationImpl.groovy:768)
at Suite1.AddBook_DynamicPayloadXML.postdataAddAndDeleteBook(AddBook_DynamicPayloadXML.java:63)
at java.base/jdk.internal.reflect.NativeMethodAccessorImpl.invoke0(Native Method)
at java.base/jdk.internal.reflect.NativeMethodAccessorImpl.invoke(NativeMethodAccessorImpl.java:62)
at java.base/jdk.internal.reflect.DelegatingMethodAccessorImpl.invoke(DelegatingMethodAccessorImpl.java:43)
at java.base/java.lang.reflect.Method.invoke(Method.java:567)
at org.testng.internal.MethodInvocationHelper.invokeMethod(MethodInvocationHelper.java:133)
at org.testng.internal.TestInvoker.invokeMethod(TestInvoker.java:584)
at org.testng.internal.TestInvoker.invokeTestMethod(TestInvoker.java:172)
at org.testng.internal.MethodRunner.runInSequence(MethodRunner.java:46)
at org.testng.internal.TestInvoker$MethodInvocationAgent.invoke(TestInvoker.java:804)
at org.testng.internal.TestInvoker.invokeTestMethods(TestInvoker.java:145)
at org.testng.internal.TestMethodWorker.invokeTestMethods(TestMethodWorker.java:146)
at org.testng.internal.TestMethodWorker.run(TestMethodWorker.java:128)
at java.base/java.util.ArrayList.forEach(ArrayList.java:1507)
at org.testng.TestRunner.privateRun(TestRunner.java:770)
at org.testng.TestRunner.run(TestRunner.java:591)
at org.testng.SuiteRunner.runTest(SuiteRunner.java:402)
at org.testng.SuiteRunner.runSequentially(SuiteRunner.java:396)
at org.testng.SuiteRunner.privateRun(SuiteRunner.java:355)
at org.testng.SuiteRunner.run(SuiteRunner.java:304)
at org.testng.SuiteRunnerWorker.runSuite(SuiteRunnerWorker.java:53)
at org.testng.SuiteRunnerWorker.run(SuiteRunnerWorker.java:96)
at org.testng.TestNG.runSuitesSequentially(TestNG.java:1180)
at org.testng.TestNG.runSuitesLocally(TestNG.java:1102)
at org.testng.TestNG.runSuites(TestNG.java:1032)
at org.testng.TestNG.run(TestNG.java:1000)
at org.testng.remote.AbstractRemoteTestNG.run(AbstractRemoteTestNG.java:115)
at org.testng.remote.RemoteTestNG.initAndRun(RemoteTestNG.java:251)
at org.testng.remote.RemoteTestNG.main(RemoteTestNG.java:77)
Caused by: com.sun.istack.SAXException2: unable to marshal type "POJOLibraryAPi.AddBook" as an element because it is missing an @XmlRootElement annotation
at com.sun.xml.bind.v2.runtime.XMLSerializer.reportError(XMLSerializer.java:249)
at com.sun.xml.bind.v2.runtime.ClassBeanInfoImpl.serializeRoot(ClassBeanInfoImpl.java:338)
at com.sun.xml.bind.v2.runtime.XMLSerializer.childAsRoot(XMLSerializer.java:494)
at com.sun.xml.bind.v2.runtime.MarshallerImpl.write(MarshallerImpl.java:328)
... 67 more
]]>
            </full-stacktrace>
          </exception> <!-- javax.xml.bind.MarshalException -->
          <reporter-output>
          </reporter-output>
        </test-method> <!-- postdataAddAndDeleteBook -->
      </class> <!-- Suite1.AddBook_DynamicPayloadXML -->
    </test> <!-- Default test -->
  </suite> <!-- Default suite -->
</testng-results>
